[qq-pd-group][Normal][09/06-12:59:46:477]=>can't load extension(s) [io.github.kloping.little_web.WebExtension, io.github.kloping.spt.SptRedis]
[qq-pd-group][Info]  [09/06-12:59:46:576]=>version 0.6.3-L1 sptool start success
[qq-pd-group][Normal][09/06-12:59:46:577]=>autoStand contextManager in Start0
[qq-pd-group][Normal][09/06-12:59:46:578]=>autoStand authV2Base in Start0
[qq-pd-group][Normal][09/06-12:59:46:578]=>autoStand contextManager in WssWorker
[qq-pd-group][Normal][09/06-12:59:46:578]=>autoStand botBase in WssWorker
[qq-pd-group][Normal][09/06-12:59:46:578]=>autoStand logger in WssWorker
[qq-pd-group][Normal][09/06-12:59:46:579]=>autoStand config in WssWorker
[qq-pd-group][Normal][09/06-12:59:46:577]=>计时任务结束...
[qq-pd-group][Normal][09/06-12:59:46:579]=>autoStand bot in GroupRobotEventRegister
[qq-pd-group][Normal][09/06-12:59:46:579]=>autoStand logger in Bot
[qq-pd-group][Normal][09/06-12:59:46:579]=>autoStand interActionBase in Bot
[qq-pd-group][Normal][09/06-12:59:46:579]=>autoStand guildBase in Bot
[qq-pd-group][Normal][09/06-12:59:46:579]=>autoStand userBase in Bot
[qq-pd-group][Normal][09/06-12:59:46:579]=>autoStand channelBase in Bot
[qq-pd-group][Normal][09/06-12:59:46:579]=>autoStand dmsBase in Bot
[qq-pd-group][Normal][09/06-12:59:46:579]=>autoStand messageBase in Bot
[qq-pd-group][Normal][09/06-12:59:46:579]=>autoStand memberBase in Bot
[qq-pd-group][Normal][09/06-12:59:46:580]=>autoStand groupBaseV2 in Bot
[qq-pd-group][Normal][09/06-12:59:46:580]=>autoStand userBaseV2 in Bot
[qq-pd-group][Normal][09/06-12:59:46:580]=>autoStand authV2Base in Bot
[qq-pd-group][Normal][09/06-12:59:46:580]=>autoStand config in Bot
[qq-pd-group][Normal][09/06-12:59:46:580]=>autoStand logger in HttpClientConfig
[qq-pd-group][Normal][09/06-12:59:46:580]=>autoStand bot in HttpClientConfig
[qq-pd-group][Normal][09/06-12:59:46:580]=>autoStand config in Events
[qq-pd-group][Normal][09/06-12:59:46:580]=>autoStand logger in Events
[qq-pd-group][Normal][09/06-12:59:46:580]=>autoStand bot in Events
[qq-pd-group][Normal][09/06-12:59:46:581]=>autoStand bot in ChannelEventsRegister
[qq-pd-group][Normal][09/06-12:59:46:581]=>autoStand bot in InterActionEventRegister
[qq-pd-group][Normal][09/06-12:59:46:581]=>autoStand logger in InterActionEventRegister
[qq-pd-group][Normal][09/06-12:59:46:581]=>autoStand logger in AuthAndHeartbeat
[qq-pd-group][Normal][09/06-12:59:46:581]=>autoStand contextManager in AuthAndHeartbeat
[qq-pd-group][Normal][09/06-12:59:46:581]=>autoStand wssWorker in AuthAndHeartbeat
[qq-pd-group][Normal][09/06-12:59:46:581]=>autoStand config in AuthAndHeartbeat
[qq-pd-group][Normal][09/06-12:59:46:581]=>autoStand bot in AuthAndHeartbeat
[qq-pd-group][Normal][09/06-12:59:46:581]=>autoStand bot in MemberEventRegisters
[qq-pd-group][Normal][09/06-12:59:46:581]=>autoStand bot in FriendEventsRegister
[qq-pd-group][Normal][09/06-12:59:46:581]=>autoStand bot in MessageDeleteEventRegister
[qq-pd-group][Normal][09/06-12:59:46:582]=>autoStand bot in GuildEventsRegister
[qq-pd-group][Normal][09/06-12:59:46:582]=>autoStand logger in GuildEventsRegister
[qq-pd-group][Normal][09/06-12:59:46:582]=>autoStand bot in GroupEventsRegister
[qq-pd-group][Normal][09/06-12:59:46:582]=>autoStand logger in GroupEventsRegister
[qq-pd-group][Normal][09/06-12:59:46:582]=>autoStand bot in MessageReactionEventRegister
[qq-pd-group][Normal][09/06-12:59:46:582]=>autoStand bot in MessageEventsRegister
[qq-pd-group][Error] [09/06-12:59:47:281]=>HTTP error fetching URL. Status=401, URL=[https://api.sgroup.qq.com/gateway]
[qq-pd-group][Normal][09/06-12:59:47:399]=>Use the (GET) method through the (BotBase) interface to request the data obtained by the response code of the (https://api.sgroup.qq.com/gateway) URL is (401), and ({"message":"接口访问源IP不在白名单","code":11298,"err_code":40023002,"trace_id":"f05995bdc99203dc26ef160196444659"}) may be converted to (UrlPack{url='null'}) type Will be processed and filtered
[qq-pd-group][Error] [09/06-12:59:47:400]=>在WebSocketClient启动时失败
[qq-pd-group][Error] [09/06-12:59:57:591]=>HTTP error fetching URL. Status=401, URL=[https://api.sgroup.qq.com/gateway]
[qq-pd-group][Normal][09/06-12:59:57:591]=>Use the (GET) method through the (BotBase) interface to request the data obtained by the response code of the (https://api.sgroup.qq.com/gateway) URL is (401), and ({"message":"接口访问源IP不在白名单","code":11298,"err_code":40023002,"trace_id":"6de748e6e56f4ec5930a786f1c7a2701"}) may be converted to (UrlPack{url='null'}) type Will be processed and filtered
[qq-pd-group][Error] [09/06-12:59:57:592]=>在WebSocketClient启动时失败
[qq-pd-group][Error] [09/06-13:00:07:780]=>HTTP error fetching URL. Status=401, URL=[https://api.sgroup.qq.com/gateway]
[qq-pd-group][Normal][09/06-13:00:07:780]=>Use the (GET) method through the (BotBase) interface to request the data obtained by the response code of the (https://api.sgroup.qq.com/gateway) URL is (401), and ({"message":"接口访问源IP不在白名单","code":11298,"err_code":40023002,"trace_id":"5992e4ce64584bb09748638e5d559076"}) may be converted to (UrlPack{url='null'}) type Will be processed and filtered
[qq-pd-group][Error] [09/06-13:00:07:781]=>在WebSocketClient启动时失败
[qq-pd-group][Error] [09/06-13:00:18:084]=>HTTP error fetching URL. Status=401, URL=[https://api.sgroup.qq.com/gateway]
[qq-pd-group][Normal][09/06-13:00:18:084]=>Use the (GET) method through the (BotBase) interface to request the data obtained by the response code of the (https://api.sgroup.qq.com/gateway) URL is (401), and ({"message":"接口访问源IP不在白名单","code":11298,"err_code":40023002,"trace_id":"1ce493bdcf98de5ae2db0e28925a0e47"}) may be converted to (UrlPack{url='null'}) type Will be processed and filtered
[qq-pd-group][Error] [09/06-13:00:18:084]=>在WebSocketClient启动时失败
[qq-pd-group][Error] [09/06-13:00:28:267]=>HTTP error fetching URL. Status=401, URL=[https://api.sgroup.qq.com/gateway]
[qq-pd-group][Normal][09/06-13:00:28:268]=>Use the (GET) method through the (BotBase) interface to request the data obtained by the response code of the (https://api.sgroup.qq.com/gateway) URL is (401), and ({"message":"接口访问源IP不在白名单","code":11298,"err_code":40023002,"trace_id":"adce1ff93fc439ec21880b61e3c5b1e9"}) may be converted to (UrlPack{url='null'}) type Will be processed and filtered
[qq-pd-group][Error] [09/06-13:00:28:268]=>在WebSocketClient启动时失败
[qq-pd-group][Normal][09/06-13:02:33:481]=>can't load extension(s) [io.github.kloping.little_web.WebExtension, io.github.kloping.spt.SptRedis]
[qq-pd-group][Info]  [09/06-13:02:33:579]=>version 0.6.3-L1 sptool start success
[qq-pd-group][Normal][09/06-13:02:33:580]=>autoStand contextManager in Start0
[qq-pd-group][Normal][09/06-13:02:33:580]=>计时任务结束...
[qq-pd-group][Normal][09/06-13:02:33:580]=>autoStand authV2Base in Start0
[qq-pd-group][Normal][09/06-13:02:33:580]=>autoStand contextManager in WssWorker
[qq-pd-group][Normal][09/06-13:02:33:580]=>autoStand botBase in WssWorker
[qq-pd-group][Normal][09/06-13:02:33:580]=>autoStand logger in WssWorker
[qq-pd-group][Normal][09/06-13:02:33:580]=>autoStand config in WssWorker
[qq-pd-group][Normal][09/06-13:02:33:580]=>autoStand bot in GroupRobotEventRegister
[qq-pd-group][Normal][09/06-13:02:33:580]=>autoStand logger in Bot
[qq-pd-group][Normal][09/06-13:02:33:580]=>autoStand interActionBase in Bot
[qq-pd-group][Normal][09/06-13:02:33:581]=>autoStand guildBase in Bot
[qq-pd-group][Normal][09/06-13:02:33:581]=>autoStand userBase in Bot
[qq-pd-group][Normal][09/06-13:02:33:581]=>autoStand channelBase in Bot
[qq-pd-group][Normal][09/06-13:02:33:581]=>autoStand dmsBase in Bot
[qq-pd-group][Normal][09/06-13:02:33:581]=>autoStand messageBase in Bot
[qq-pd-group][Normal][09/06-13:02:33:581]=>autoStand memberBase in Bot
[qq-pd-group][Normal][09/06-13:02:33:581]=>autoStand groupBaseV2 in Bot
[qq-pd-group][Normal][09/06-13:02:33:581]=>autoStand userBaseV2 in Bot
[qq-pd-group][Normal][09/06-13:02:33:582]=>autoStand authV2Base in Bot
[qq-pd-group][Normal][09/06-13:02:33:582]=>autoStand config in Bot
[qq-pd-group][Normal][09/06-13:02:33:582]=>autoStand logger in HttpClientConfig
[qq-pd-group][Normal][09/06-13:02:33:582]=>autoStand bot in HttpClientConfig
[qq-pd-group][Normal][09/06-13:02:33:582]=>autoStand config in Events
[qq-pd-group][Normal][09/06-13:02:33:582]=>autoStand logger in Events
[qq-pd-group][Normal][09/06-13:02:33:582]=>autoStand bot in Events
[qq-pd-group][Normal][09/06-13:02:33:582]=>autoStand bot in ChannelEventsRegister
[qq-pd-group][Normal][09/06-13:02:33:582]=>autoStand bot in InterActionEventRegister
[qq-pd-group][Normal][09/06-13:02:33:582]=>autoStand logger in InterActionEventRegister
[qq-pd-group][Normal][09/06-13:02:33:584]=>autoStand logger in AuthAndHeartbeat
[qq-pd-group][Normal][09/06-13:02:33:584]=>autoStand contextManager in AuthAndHeartbeat
[qq-pd-group][Normal][09/06-13:02:33:584]=>autoStand wssWorker in AuthAndHeartbeat
[qq-pd-group][Normal][09/06-13:02:33:584]=>autoStand config in AuthAndHeartbeat
[qq-pd-group][Normal][09/06-13:02:33:584]=>autoStand bot in AuthAndHeartbeat
[qq-pd-group][Normal][09/06-13:02:33:584]=>autoStand bot in MemberEventRegisters
[qq-pd-group][Normal][09/06-13:02:33:584]=>autoStand bot in FriendEventsRegister
[qq-pd-group][Normal][09/06-13:02:33:584]=>autoStand bot in MessageDeleteEventRegister
[qq-pd-group][Normal][09/06-13:02:33:584]=>autoStand bot in GuildEventsRegister
[qq-pd-group][Normal][09/06-13:02:33:584]=>autoStand logger in GuildEventsRegister
[qq-pd-group][Normal][09/06-13:02:33:584]=>autoStand bot in GroupEventsRegister
[qq-pd-group][Normal][09/06-13:02:33:585]=>autoStand logger in GroupEventsRegister
[qq-pd-group][Normal][09/06-13:02:33:585]=>autoStand bot in MessageReactionEventRegister
[qq-pd-group][Normal][09/06-13:02:33:585]=>autoStand bot in MessageEventsRegister
[qq-pd-group][Normal][09/06-13:02:34:268]=>Use the (GET) method through the (BotBase) interface to request the data obtained by the response code of the (https://api.sgroup.qq.com/gateway) URL is (200), and ({"url":"wss://api.sgroup.qq.com/websocket"}) may be converted to (UrlPack{url='wss://api.sgroup.qq.com/websocket'}) type Will be processed and filtered
[qq-pd-group][Normal][09/06-13:02:34:269]=>ws url:wss://api.sgroup.qq.com/websocket
[qq-pd-group][Info]  [09/06-13:02:34:547]=>wss opened
[qq-pd-group][Normal][09/06-13:02:34:552]=>receive {"d":{"heartbeat_interval":41250},"op":10}
[qq-pd-group][Info]  [09/06-13:02:34:552]=>Authentication
[qq-pd-group][Normal][09/06-13:02:34:569]=>wss send: {"d":{"intents":1007162883,"shard":[0,1],"properties":{},"token":"Bot 102145937.ndTJajFSnzcUYjTKm7KwrPZd7DiD6EnZ"},"op":2}
[qq-pd-group][Normal][09/06-13:02:34:648]=>receive {"op":9,"d":false}
[qq-pd-group][Debug] [09/06-13:02:34:648]=>wss closed with code 4014 disallowed intents
[qq-pd-group][Error] [09/06-13:02:34:649]=>无权限订阅事件
[qq-pd-group][Normal][09/06-13:07:58:466]=>can't load extension(s) [io.github.kloping.little_web.WebExtension, io.github.kloping.spt.SptRedis]
[qq-pd-group][Info]  [09/06-13:07:58:569]=>version 0.6.3-L1 sptool start success
[qq-pd-group][Normal][09/06-13:07:58:570]=>autoStand contextManager in Start0
[qq-pd-group][Normal][09/06-13:07:58:570]=>计时任务结束...
[qq-pd-group][Normal][09/06-13:07:58:570]=>autoStand authV2Base in Start0
[qq-pd-group][Normal][09/06-13:07:58:570]=>autoStand contextManager in WssWorker
[qq-pd-group][Normal][09/06-13:07:58:570]=>autoStand botBase in WssWorker
[qq-pd-group][Normal][09/06-13:07:58:570]=>autoStand logger in WssWorker
[qq-pd-group][Normal][09/06-13:07:58:570]=>autoStand config in WssWorker
[qq-pd-group][Normal][09/06-13:07:58:571]=>autoStand bot in GroupRobotEventRegister
[qq-pd-group][Normal][09/06-13:07:58:571]=>autoStand logger in Bot
[qq-pd-group][Normal][09/06-13:07:58:571]=>autoStand interActionBase in Bot
[qq-pd-group][Normal][09/06-13:07:58:571]=>autoStand guildBase in Bot
[qq-pd-group][Normal][09/06-13:07:58:571]=>autoStand userBase in Bot
[qq-pd-group][Normal][09/06-13:07:58:571]=>autoStand channelBase in Bot
[qq-pd-group][Normal][09/06-13:07:58:571]=>autoStand dmsBase in Bot
[qq-pd-group][Normal][09/06-13:07:58:572]=>autoStand messageBase in Bot
[qq-pd-group][Normal][09/06-13:07:58:572]=>autoStand memberBase in Bot
[qq-pd-group][Normal][09/06-13:07:58:572]=>autoStand groupBaseV2 in Bot
[qq-pd-group][Normal][09/06-13:07:58:572]=>autoStand userBaseV2 in Bot
[qq-pd-group][Normal][09/06-13:07:58:572]=>autoStand authV2Base in Bot
[qq-pd-group][Normal][09/06-13:07:58:572]=>autoStand config in Bot
[qq-pd-group][Normal][09/06-13:07:58:572]=>autoStand logger in HttpClientConfig
[qq-pd-group][Normal][09/06-13:07:58:572]=>autoStand bot in HttpClientConfig
[qq-pd-group][Normal][09/06-13:07:58:572]=>autoStand config in Events
[qq-pd-group][Normal][09/06-13:07:58:573]=>autoStand logger in Events
[qq-pd-group][Normal][09/06-13:07:58:573]=>autoStand bot in Events
[qq-pd-group][Normal][09/06-13:07:58:573]=>autoStand bot in ChannelEventsRegister
[qq-pd-group][Normal][09/06-13:07:58:573]=>autoStand bot in InterActionEventRegister
[qq-pd-group][Normal][09/06-13:07:58:573]=>autoStand logger in InterActionEventRegister
[qq-pd-group][Normal][09/06-13:07:58:573]=>autoStand logger in AuthAndHeartbeat
[qq-pd-group][Normal][09/06-13:07:58:573]=>autoStand contextManager in AuthAndHeartbeat
[qq-pd-group][Normal][09/06-13:07:58:573]=>autoStand wssWorker in AuthAndHeartbeat
[qq-pd-group][Normal][09/06-13:07:58:573]=>autoStand config in AuthAndHeartbeat
[qq-pd-group][Normal][09/06-13:07:58:573]=>autoStand bot in AuthAndHeartbeat
[qq-pd-group][Normal][09/06-13:07:58:574]=>autoStand bot in MemberEventRegisters
[qq-pd-group][Normal][09/06-13:07:58:574]=>autoStand bot in FriendEventsRegister
[qq-pd-group][Normal][09/06-13:07:58:574]=>autoStand bot in MessageDeleteEventRegister
[qq-pd-group][Normal][09/06-13:07:58:574]=>autoStand bot in GuildEventsRegister
[qq-pd-group][Normal][09/06-13:07:58:574]=>autoStand logger in GuildEventsRegister
[qq-pd-group][Normal][09/06-13:07:58:574]=>autoStand bot in GroupEventsRegister
[qq-pd-group][Normal][09/06-13:07:58:574]=>autoStand logger in GroupEventsRegister
[qq-pd-group][Normal][09/06-13:07:58:574]=>autoStand bot in MessageReactionEventRegister
[qq-pd-group][Normal][09/06-13:07:58:574]=>autoStand bot in MessageEventsRegister
[qq-pd-group][Normal][09/06-13:07:59:234]=>Use the (GET) method through the (BotBase) interface to request the data obtained by the response code of the (https://sandbox.api.sgroup.qq.com/gateway) URL is (200), and ({"url":"wss://sandbox.api.sgroup.qq.com/websocket"}) may be converted to (UrlPack{url='wss://sandbox.api.sgroup.qq.com/websocket'}) type Will be processed and filtered
[qq-pd-group][Normal][09/06-13:07:59:235]=>ws url:wss://sandbox.api.sgroup.qq.com/websocket
[qq-pd-group][Info]  [09/06-13:07:59:449]=>wss opened
[qq-pd-group][Normal][09/06-13:07:59:455]=>receive {"d":{"heartbeat_interval":41250},"op":10}
[qq-pd-group][Info]  [09/06-13:07:59:455]=>Authentication
[qq-pd-group][Normal][09/06-13:07:59:471]=>wss send: {"d":{"intents":1007162883,"shard":[0,1],"properties":{},"token":"Bot 102145937.ndTJajFSnzcUYjTKm7KwrPZd7DiD6EnZ"},"op":2}
[qq-pd-group][Normal][09/06-13:07:59:561]=>receive {"op":9,"d":false}
[qq-pd-group][Debug] [09/06-13:07:59:562]=>wss closed with code 4014 disallowed intents
[qq-pd-group][Error] [09/06-13:07:59:562]=>无权限订阅事件
[qq-pd-group][Normal][09/06-13:08:43:731]=>can't load extension(s) [io.github.kloping.little_web.WebExtension, io.github.kloping.spt.SptRedis]
[qq-pd-group][Info]  [09/06-13:08:43:829]=>version 0.6.3-L1 sptool start success
[qq-pd-group][Normal][09/06-13:08:43:830]=>autoStand contextManager in Start0
[qq-pd-group][Normal][09/06-13:08:43:830]=>计时任务结束...
[qq-pd-group][Normal][09/06-13:08:43:831]=>autoStand authV2Base in Start0
[qq-pd-group][Normal][09/06-13:08:43:831]=>autoStand contextManager in WssWorker
[qq-pd-group][Normal][09/06-13:08:43:831]=>autoStand botBase in WssWorker
[qq-pd-group][Normal][09/06-13:08:43:831]=>autoStand logger in WssWorker
[qq-pd-group][Normal][09/06-13:08:43:831]=>autoStand config in WssWorker
[qq-pd-group][Normal][09/06-13:08:43:831]=>autoStand bot in GroupRobotEventRegister
[qq-pd-group][Normal][09/06-13:08:43:832]=>autoStand logger in Bot
[qq-pd-group][Normal][09/06-13:08:43:832]=>autoStand interActionBase in Bot
[qq-pd-group][Normal][09/06-13:08:43:832]=>autoStand guildBase in Bot
[qq-pd-group][Normal][09/06-13:08:43:832]=>autoStand userBase in Bot
[qq-pd-group][Normal][09/06-13:08:43:832]=>autoStand channelBase in Bot
[qq-pd-group][Normal][09/06-13:08:43:832]=>autoStand dmsBase in Bot
[qq-pd-group][Normal][09/06-13:08:43:832]=>autoStand messageBase in Bot
[qq-pd-group][Normal][09/06-13:08:43:832]=>autoStand memberBase in Bot
[qq-pd-group][Normal][09/06-13:08:43:832]=>autoStand groupBaseV2 in Bot
[qq-pd-group][Normal][09/06-13:08:43:832]=>autoStand userBaseV2 in Bot
[qq-pd-group][Normal][09/06-13:08:43:832]=>autoStand authV2Base in Bot
[qq-pd-group][Normal][09/06-13:08:43:833]=>autoStand config in Bot
[qq-pd-group][Normal][09/06-13:08:43:833]=>autoStand logger in HttpClientConfig
[qq-pd-group][Normal][09/06-13:08:43:833]=>autoStand bot in HttpClientConfig
[qq-pd-group][Normal][09/06-13:08:43:833]=>autoStand config in Events
[qq-pd-group][Normal][09/06-13:08:43:833]=>autoStand logger in Events
[qq-pd-group][Normal][09/06-13:08:43:833]=>autoStand bot in Events
[qq-pd-group][Normal][09/06-13:08:43:833]=>autoStand bot in ChannelEventsRegister
[qq-pd-group][Normal][09/06-13:08:43:833]=>autoStand bot in InterActionEventRegister
[qq-pd-group][Normal][09/06-13:08:43:833]=>autoStand logger in InterActionEventRegister
[qq-pd-group][Normal][09/06-13:08:43:833]=>autoStand logger in AuthAndHeartbeat
[qq-pd-group][Normal][09/06-13:08:43:834]=>autoStand contextManager in AuthAndHeartbeat
[qq-pd-group][Normal][09/06-13:08:43:834]=>autoStand wssWorker in AuthAndHeartbeat
[qq-pd-group][Normal][09/06-13:08:43:834]=>autoStand config in AuthAndHeartbeat
[qq-pd-group][Normal][09/06-13:08:43:834]=>autoStand bot in AuthAndHeartbeat
[qq-pd-group][Normal][09/06-13:08:43:834]=>autoStand bot in MemberEventRegisters
[qq-pd-group][Normal][09/06-13:08:43:834]=>autoStand bot in FriendEventsRegister
[qq-pd-group][Normal][09/06-13:08:43:834]=>autoStand bot in MessageDeleteEventRegister
[qq-pd-group][Normal][09/06-13:08:43:834]=>autoStand bot in GuildEventsRegister
[qq-pd-group][Normal][09/06-13:08:43:834]=>autoStand logger in GuildEventsRegister
[qq-pd-group][Normal][09/06-13:08:43:834]=>autoStand bot in GroupEventsRegister
[qq-pd-group][Normal][09/06-13:08:43:834]=>autoStand logger in GroupEventsRegister
[qq-pd-group][Normal][09/06-13:08:43:834]=>autoStand bot in MessageReactionEventRegister
[qq-pd-group][Normal][09/06-13:08:43:834]=>autoStand bot in MessageEventsRegister
[qq-pd-group][Normal][09/06-13:08:44:399]=>Use the (GET) method through the (BotBase) interface to request the data obtained by the response code of the (https://sandbox.api.sgroup.qq.com/gateway) URL is (200), and ({"url":"wss://sandbox.api.sgroup.qq.com/websocket"}) may be converted to (UrlPack{url='wss://sandbox.api.sgroup.qq.com/websocket'}) type Will be processed and filtered
[qq-pd-group][Normal][09/06-13:08:44:400]=>ws url:wss://sandbox.api.sgroup.qq.com/websocket
[qq-pd-group][Info]  [09/06-13:08:44:622]=>wss opened
[qq-pd-group][Normal][09/06-13:08:44:628]=>receive {"d":{"heartbeat_interval":41250},"op":10}
[qq-pd-group][Info]  [09/06-13:08:44:628]=>Authentication
[qq-pd-group][Normal][09/06-13:08:44:643]=>wss send: {"d":{"intents":1007162883,"shard":[0,1],"properties":{},"token":"Bot 102145937.ndTJajFSnzcUYjTKm7KwrPZd7DiD6EnZ"},"op":2}
[qq-pd-group][Normal][09/06-13:08:44:720]=>receive {"op":9,"d":false}
[qq-pd-group][Debug] [09/06-13:08:44:721]=>wss closed with code 4014 disallowed intents
[qq-pd-group][Error] [09/06-13:08:44:721]=>无权限订阅事件
[qq-pd-group][Normal][09/06-13:10:07:626]=>can't load extension(s) [io.github.kloping.little_web.WebExtension, io.github.kloping.spt.SptRedis]
[qq-pd-group][Info]  [09/06-13:10:07:723]=>version 0.6.3-L1 sptool start success
[qq-pd-group][Normal][09/06-13:10:07:724]=>autoStand contextManager in Start0
[qq-pd-group][Normal][09/06-13:10:07:724]=>计时任务结束...
[qq-pd-group][Normal][09/06-13:10:07:724]=>autoStand authV2Base in Start0
[qq-pd-group][Normal][09/06-13:10:07:724]=>autoStand contextManager in WssWorker
[qq-pd-group][Normal][09/06-13:10:07:724]=>autoStand botBase in WssWorker
[qq-pd-group][Normal][09/06-13:10:07:724]=>autoStand logger in WssWorker
[qq-pd-group][Normal][09/06-13:10:07:725]=>autoStand config in WssWorker
[qq-pd-group][Normal][09/06-13:10:07:725]=>autoStand bot in GroupRobotEventRegister
[qq-pd-group][Normal][09/06-13:10:07:725]=>autoStand logger in Bot
[qq-pd-group][Normal][09/06-13:10:07:725]=>autoStand interActionBase in Bot
[qq-pd-group][Normal][09/06-13:10:07:725]=>autoStand guildBase in Bot
[qq-pd-group][Normal][09/06-13:10:07:725]=>autoStand userBase in Bot
[qq-pd-group][Normal][09/06-13:10:07:725]=>autoStand channelBase in Bot
[qq-pd-group][Normal][09/06-13:10:07:726]=>autoStand dmsBase in Bot
[qq-pd-group][Normal][09/06-13:10:07:726]=>autoStand messageBase in Bot
[qq-pd-group][Normal][09/06-13:10:07:726]=>autoStand memberBase in Bot
[qq-pd-group][Normal][09/06-13:10:07:726]=>autoStand groupBaseV2 in Bot
[qq-pd-group][Normal][09/06-13:10:07:726]=>autoStand userBaseV2 in Bot
[qq-pd-group][Normal][09/06-13:10:07:726]=>autoStand authV2Base in Bot
[qq-pd-group][Normal][09/06-13:10:07:726]=>autoStand config in Bot
[qq-pd-group][Normal][09/06-13:10:07:727]=>autoStand logger in HttpClientConfig
[qq-pd-group][Normal][09/06-13:10:07:727]=>autoStand bot in HttpClientConfig
[qq-pd-group][Normal][09/06-13:10:07:727]=>autoStand config in Events
[qq-pd-group][Normal][09/06-13:10:07:727]=>autoStand logger in Events
[qq-pd-group][Normal][09/06-13:10:07:727]=>autoStand bot in Events
[qq-pd-group][Normal][09/06-13:10:07:727]=>autoStand bot in ChannelEventsRegister
[qq-pd-group][Normal][09/06-13:10:07:727]=>autoStand bot in InterActionEventRegister
[qq-pd-group][Normal][09/06-13:10:07:727]=>autoStand logger in InterActionEventRegister
[qq-pd-group][Normal][09/06-13:10:07:727]=>autoStand logger in AuthAndHeartbeat
[qq-pd-group][Normal][09/06-13:10:07:728]=>autoStand contextManager in AuthAndHeartbeat
[qq-pd-group][Normal][09/06-13:10:07:728]=>autoStand wssWorker in AuthAndHeartbeat
[qq-pd-group][Normal][09/06-13:10:07:728]=>autoStand config in AuthAndHeartbeat
[qq-pd-group][Normal][09/06-13:10:07:728]=>autoStand bot in AuthAndHeartbeat
[qq-pd-group][Normal][09/06-13:10:07:728]=>autoStand bot in MemberEventRegisters
[qq-pd-group][Normal][09/06-13:10:07:728]=>autoStand bot in FriendEventsRegister
[qq-pd-group][Normal][09/06-13:10:07:728]=>autoStand bot in MessageDeleteEventRegister
[qq-pd-group][Normal][09/06-13:10:07:728]=>autoStand bot in GuildEventsRegister
[qq-pd-group][Normal][09/06-13:10:07:728]=>autoStand logger in GuildEventsRegister
[qq-pd-group][Normal][09/06-13:10:07:729]=>autoStand bot in GroupEventsRegister
[qq-pd-group][Normal][09/06-13:10:07:729]=>autoStand logger in GroupEventsRegister
[qq-pd-group][Normal][09/06-13:10:07:729]=>autoStand bot in MessageReactionEventRegister
[qq-pd-group][Normal][09/06-13:10:07:729]=>autoStand bot in MessageEventsRegister
[qq-pd-group][Normal][09/06-13:10:08:478]=>Use the (GET) method through the (BotBase) interface to request the data obtained by the response code of the (https://api.sgroup.qq.com/gateway) URL is (200), and ({"url":"wss://api.sgroup.qq.com/websocket"}) may be converted to (UrlPack{url='wss://api.sgroup.qq.com/websocket'}) type Will be processed and filtered
[qq-pd-group][Normal][09/06-13:10:08:479]=>ws url:wss://api.sgroup.qq.com/websocket
[qq-pd-group][Info]  [09/06-13:10:08:729]=>wss opened
[qq-pd-group][Normal][09/06-13:10:08:735]=>receive {"d":{"heartbeat_interval":41250},"op":10}
[qq-pd-group][Info]  [09/06-13:10:08:735]=>Authentication
[qq-pd-group][Normal][09/06-13:10:08:750]=>wss send: {"d":{"intents":1007162883,"shard":[0,1],"properties":{},"token":"Bot 102145937.ndTJajFSnzcUYjTKm7KwrPZd7DiD6EnZ"},"op":2}
[qq-pd-group][Normal][09/06-13:10:08:810]=>receive {"op":9,"d":false}
[qq-pd-group][Debug] [09/06-13:10:08:811]=>wss closed with code 4014 disallowed intents
[qq-pd-group][Error] [09/06-13:10:08:811]=>无权限订阅事件
